This is e-pTeX, Version 3.14159265-p3.6-141210-2.6 (utf8.euc) (TeX Live 2015/Debian) (preloaded format=platex 2019.11.12)  23 NOV 2019 23:03
entering extended mode
 restricted \write18 enabled.
 file:line:error style messages enabled.
 %&-line parsing enabled.
**webapp.tex
(/home/prml/workspace/development/atom_create/webapp/webapp/LaTex/webapp.tex
pLaTeX2e <2006/11/10> (based on LaTeX2e <2016/02/01> patch level 0)
Babel <3.9n> and hyphenation patterns for 80 languages loaded.
(/usr/share/texlive/texmf-dist/tex/platex/base/jarticle.cls
Document Class: jarticle 2006/06/27 v1.6 Standard pLaTeX class
\c@@paper=\count81
(/usr/share/texlive/texmf-dist/tex/platex/base/jsize10.clo
File: jsize10.clo 2006/06/27 v1.6 Standard pLaTeX file (size option)
)
\c@part=\count82
\c@section=\count83
\c@subsection=\count84
\c@subsubsection=\count85
\c@paragraph=\count86
\c@subparagraph=\count87
\c@figure=\count88
\c@table=\count89
\abovecaptionskip=\skip41
\belowcaptionskip=\skip42
\symmincho=\mathgroup4
LaTeX Font Info:    Overwriting symbol font `mincho' in version `bold'
(Font)                  JY1/mc/m/n --> JY1/gt/m/n on input line 601.
\toclineskip=\dimen118
\@lnumwidth=\dimen119
\bibindent=\dimen120
\heisei=\count90
) (/usr/share/texlive/texmf-dist/tex/latex/listings/listings.sty (/usr/share/texlive/texmf-dist/tex/latex/graphics/keyval.sty
Package: keyval 2014/10/28 v1.15 key=value parser (DPC)
\KV@toks@=\toks15
)
\lst@mode=\count91
\lst@gtempboxa=\box41
\lst@token=\toks16
\lst@length=\count92
\lst@currlwidth=\dimen121
\lst@column=\count93
\lst@pos=\count94
\lst@lostspace=\dimen122
\lst@width=\dimen123
\lst@newlines=\count95
\lst@lineno=\count96
\lst@maxwidth=\dimen124
 (/usr/share/texlive/texmf-dist/tex/latex/listings/lstmisc.sty
File: lstmisc.sty 2015/06/04 1.6 (Carsten Heinz)
\c@lstnumber=\count97
\lst@skipnumbers=\count98
\lst@framebox=\box42
) (/usr/share/texlive/texmf-dist/tex/latex/listings/listings.cfg
File: listings.cfg 2015/06/04 1.6 listings configuration
))
Package: listings 2015/06/04 1.6 (Carsten Heinz)
 (/usr/share/texlive/texmf-dist/tex/latex/graphics/color.sty
Package: color 2016/01/03 v1.1b Standard LaTeX Color (DPC)
 (/usr/share/texlive/texmf-dist/tex/latex/latexconfig/color.cfg
File: color.cfg 2007/01/18 v1.5 color configuration of teTeX/TeXLive
)
Package color Info: Driver file: dvips.def on input line 143.
 (/usr/share/texlive/texmf-dist/tex/latex/graphics/dvips.def
File: dvips.def 2015/12/30 v3.0k Driver-dependent file (DPC,SPQR)
) (/usr/share/texlive/texmf-dist/tex/latex/graphics/dvipsnam.def
File: dvipsnam.def 2015/12/30 v3.0k Driver-dependent file (DPC,SPQR)
)) (/usr/share/texlive/texmf-dist/tex/latex/graphics/graphicx.sty
Package: graphicx 2014/10/28 v1.0g Enhanced LaTeX Graphics (DPC,SPQR)
 (/usr/share/texlive/texmf-dist/tex/latex/graphics/graphics.sty
Package: graphics 2016/01/03 v1.0q Standard LaTeX Graphics (DPC,SPQR)
 (/usr/share/texlive/texmf-dist/tex/latex/graphics/trig.sty
Package: trig 2016/01/03 v1.10 sin cos tan (DPC)
) (/usr/share/texlive/texmf-dist/tex/latex/latexconfig/graphics.cfg
File: graphics.cfg 2010/04/23 v1.9 graphics configuration of TeX Live
)
Package graphics Info: Driver file: dvipdfmx.def on input line 95.
 (/usr/share/texlive/texmf-dist/tex/latex/dvipdfmx-def/dvipdfmx.def
File: dvipdfmx.def 2015/11/04 v4.07 LaTeX color/graphics driver for dvipdfmx (TeX Live/ChoF)
 (/usr/share/texlive/texmf-dist/tex/generic/oberdiek/infwarerr.sty
Package: infwarerr 2010/04/08 v1.3 Providing info/warning/error messages (HO)
)
(/usr/share/texlive/texmf-dist/tex/generic/oberdiek/ltxcmds.sty
Package: ltxcmds 2011/11/09 v1.22 LaTeX kernel commands for general use (HO)
)))
\Gin@req@height=\dimen125
\Gin@req@width=\dimen126
) (/home/prml/workspace/development/atom_create/webapp/webapp/LaTex/webapp.aux)
\openout1 = `webapp.aux'.

LaTeX Font Info:    Checking defaults for OML/cmm/m/it on input line 26.
LaTeX Font Info:    ... okay on input line 26.
LaTeX Font Info:    Checking defaults for T1/cmr/m/n on input line 26.
LaTeX Font Info:    ... okay on input line 26.
LaTeX Font Info:    Checking defaults for OT1/cmr/m/n on input line 26.
LaTeX Font Info:    ... okay on input line 26.
LaTeX Font Info:    Checking defaults for OMS/cmsy/m/n on input line 26.
LaTeX Font Info:    ... okay on input line 26.
LaTeX Font Info:    Checking defaults for OMX/cmex/m/n on input line 26.
LaTeX Font Info:    ... okay on input line 26.
LaTeX Font Info:    Checking defaults for U/cmr/m/n on input line 26.
LaTeX Font Info:    ... okay on input line 26.
LaTeX Font Info:    Checking defaults for JY1/mc/m/n on input line 26.
LaTeX Font Info:    ... okay on input line 26.
LaTeX Font Info:    Checking defaults for JT1/mc/m/n on input line 26.
LaTeX Font Info:    ... okay on input line 26.
\c@lstlisting=\count99
LaTeX Font Info:    Font shape `JT1/mc/bx/n' in size <14.4> not available
(Font)              Font shape `JT1/gt/m/n' tried instead on input line 29.
LaTeX Font Info:    Font shape `JY1/mc/bx/n' in size <14.4> not available
(Font)              Font shape `JY1/gt/m/n' tried instead on input line 29.
LaTeX Font Info:    Font shape `JT1/mc/bx/n' in size <12> not available
(Font)              Font shape `JT1/gt/m/n' tried instead on input line 30.
LaTeX Font Info:    Font shape `JY1/mc/bx/n' in size <12> not available
(Font)              Font shape `JY1/gt/m/n' tried instead on input line 30.
 [1

]
LaTeX Font Info:    Font shape `JT1/mc/bx/n' in size <10> not available
(Font)              Font shape `JT1/gt/m/n' tried instead on input line 64.
LaTeX Font Info:    Font shape `JY1/mc/bx/n' in size <10> not available
(Font)              Font shape `JY1/gt/m/n' tried instead on input line 64.
 [2]
LaTeX Font Info:    Try loading font information for OML+cmr on input line 114.
 (/usr/share/texlive/texmf-dist/tex/latex/base/omlcmr.fd
File: omlcmr.fd 2014/09/29 v2.5h Standard LaTeX font definitions
)
LaTeX Font Info:    Font shape `OML/cmr/m/n' in size <10> not available
(Font)              Font shape `OML/cmm/m/it' tried instead on input line 114.
 [3] [4] (/home/prml/workspace/development/atom_create/webapp/webapp/LaTex/../webapp/1stWeek/ex110.html) [5] (/home/prml/workspace/development/atom_create/webapp/webapp/LaTex/../webapp/1stWeek/ex120.html [6]) [7] (/home/prml/workspace/development/atom_create/webapp/webapp/LaTex/../webapp/1stWeek/ex210.html) [8] (/home/prml/workspace/development/atom_create/webapp/webapp/LaTex/../webapp/1stWeek/ex220.html) [9] (/home/prml/workspace/development/atom_create/webapp/webapp/LaTex/../webapp/2ndWeek/ex410short.html [10]) [11] (/home/prml/workspace/development/atom_create/webapp/webapp/LaTex/../webapp/2ndWeek/ex421long.html [12]) [13] (/home/prml/workspace/development/atom_create/webapp/webapp/LaTex/../webapp/2ndWeek/ex430.html [14]) [15]
(/home/prml/workspace/development/atom_create/webapp/webapp/LaTex/../webapp/2ndWeek/ex510dev.html [16]) [17] (/home/prml/workspace/development/atom_create/webapp/webapp/LaTex/../webapp/2ndWeek/ex520_and_521.html [18]) [19]
File: ../webapp/png/1_1.png Graphic file (type bmp)
 <../webapp/png/1_1.png>
File: ../webapp/png/1_2.png Graphic file (type bmp)
 <../webapp/png/1_2.png>
File: ../webapp/png/2_1.png Graphic file (type bmp)
 <../webapp/png/2_1.png>
File: ../webapp/png/2_2.png Graphic file (type bmp)
 <../webapp/png/2_2.png>
File: ../webapp/png/4_1.png Graphic file (type bmp)
 <../webapp/png/4_1.png> [20] [21]
File: ../webapp/png/4-2.png Graphic file (type bmp)
 <../webapp/png/4-2.png>
File: ../webapp/png/4_3.png Graphic file (type bmp)
 <../webapp/png/4_3.png>
File: ../webapp/png/5_1_3.png Graphic file (type bmp)
 <../webapp/png/5_1_3.png>
File: ../webapp/png/5_1_4.png Graphic file (type bmp)
 <../webapp/png/5_1_4.png>
File: ../webapp/png/5_2_1.png Graphic file (type bmp)
 <../webapp/png/5_2_1.png> [22] [23]
File: ../webapp/png/6_1_1_ff.png Graphic file (type bmp)
 <../webapp/png/6_1_1_ff.png>
File: ../webapp/png/6_1_1_ch.png Graphic file (type bmp)
 <../webapp/png/6_1_1_ch.png>
File: ../webapp/png/6_1_2ff.jpg Graphic file (type bmp)
 <../webapp/png/6_1_2ff.jpg>
File: ../webapp/png/6_1_2_ch.jpg Graphic file (type bmp)
 <../webapp/png/6_1_2_ch.jpg>
File: ../webapp/png/6_2_1.png Graphic file (type bmp)
 <../webapp/png/6_2_1.png> [24] [25] [26] [27]
File: ../webapp/png/6_2_2.png Graphic file (type bmp)
 <../webapp/png/6_2_2.png> [28] (/home/prml/workspace/development/atom_create/webapp/webapp/LaTex/webapp.aux) ) 
Here is how much of TeX's memory you used:
 2292 strings out of 493723
 35042 string characters out of 6152569
 203761 words of memory out of 5000000
 5805 multiletter control sequences out of 15000+600000
 11348 words of font info for 46 fonts, out of 8000000 for 9000
 929 hyphenation exceptions out of 8191
 28i,6n,32p,1576b,1551s stack positions out of 5000i,500n,10000p,200000b,80000s

Output written on /home/prml/workspace/development/atom_create/webapp/webapp/LaTex/webapp.dvi (28 pages, 73772 bytes).
